[2023-12-08 17:28:02,471] {taskinstance.py:1159} INFO - Dependencies all met for <TaskInstance: TwitterDAG.twitter_operator scheduled__2023-12-03T00:00:00+00:00 [queued]>
[2023-12-08 17:28:02,476] {taskinstance.py:1159} INFO - Dependencies all met for <TaskInstance: TwitterDAG.twitter_operator scheduled__2023-12-03T00:00:00+00:00 [queued]>
[2023-12-08 17:28:02,476] {taskinstance.py:1356} INFO - 
--------------------------------------------------------------------------------
[2023-12-08 17:28:02,476] {taskinstance.py:1357} INFO - Starting attempt 1 of 1
[2023-12-08 17:28:02,476] {taskinstance.py:1358} INFO - 
--------------------------------------------------------------------------------
[2023-12-08 17:28:02,487] {taskinstance.py:1377} INFO - Executing <Task(TwitterOperator): twitter_operator> on 2023-12-03 00:00:00+00:00
[2023-12-08 17:28:02,488] {standard_task_runner.py:52} INFO - Started process 10796 to run task
[2023-12-08 17:28:02,492] {standard_task_runner.py:79} INFO - Running: ['airflow', 'tasks', 'run', 'TwitterDAG', 'twitter_operator', 'scheduled__2023-12-03T00:00:00+00:00', '--job-id', '23', '--raw', '--subdir', 'DAGS_FOLDER/twitter_dag.py', '--cfg-path', '/tmp/tmp1i1cj5cs', '--error-file', '/tmp/tmpu7qt1qbd']
[2023-12-08 17:28:02,492] {standard_task_runner.py:80} INFO - Job 23: Subtask twitter_operator
[2023-12-08 17:28:02,525] {task_command.py:370} INFO - Running <TaskInstance: TwitterDAG.twitter_operator scheduled__2023-12-03T00:00:00+00:00 [running]> on host eder-virtual-machine
[2023-12-08 17:28:02,566] {taskinstance.py:1569} INFO - Exporting the following env vars:
AIRFLOW_CTX_DAG_OWNER=airflow
AIRFLOW_CTX_DAG_ID=TwitterDAG
AIRFLOW_CTX_TASK_ID=twitter_operator
AIRFLOW_CTX_EXECUTION_DATE=2023-12-03T00:00:00+00:00
AIRFLOW_CTX_TRY_NUMBER=1
AIRFLOW_CTX_DAG_RUN_ID=scheduled__2023-12-03T00:00:00+00:00
[2023-12-08 17:28:02,571] {base.py:68} INFO - Using connection ID 'twitter_default' for task execution.
[2023-12-08 17:28:02,572] {twitter_hook.py:27} INFO - URL: https://labdados.com/2/tweets/search/recent?query=data science&tweet.fields=author_id,created_at,lang,public_metrics,source,text,withheld&expansions=author_id&user.fields=created_at,description,location,name,public_metrics,username,verified,withheld&start_time=2023-12-03T00:00:00.00Z&end_time=2023-12-04T00:00:00.00Z
[2023-12-08 17:28:02,997] {twitter_hook.py:27} INFO - URL: https://labdados.com/2/tweets/search/recent?query=data science&tweet.fields=author_id,created_at,lang,public_metrics,source,text,withheld&expansions=author_id&user.fields=created_at,description,location,name,public_metrics,username,verified,withheld&start_time=2023-12-03T00:00:00.00Z&end_time=2023-12-04T00:00:00.00Z&next_token=1234567890abcdef
[2023-12-08 17:28:03,135] {taskinstance.py:1395} INFO - Marking task as SUCCESS. dag_id=TwitterDAG, task_id=twitter_operator, execution_date=20231203T000000, start_date=20231208T172802, end_date=20231208T172803
[2023-12-08 17:28:03,153] {local_task_job.py:156} INFO - Task exited with return code 0
[2023-12-08 17:28:03,171] {local_task_job.py:273} INFO - 0 downstream tasks scheduled from follow-on schedule check
