[2023-12-08 16:27:36,333] {taskinstance.py:1159} INFO - Dependencies all met for <TaskInstance: twitter_operator.twitter_operator manual__2023-12-08T16:27:33.210168+00:00 [queued]>
[2023-12-08 16:27:36,341] {taskinstance.py:1159} INFO - Dependencies all met for <TaskInstance: twitter_operator.twitter_operator manual__2023-12-08T16:27:33.210168+00:00 [queued]>
[2023-12-08 16:27:36,341] {taskinstance.py:1356} INFO - 
--------------------------------------------------------------------------------
[2023-12-08 16:27:36,341] {taskinstance.py:1357} INFO - Starting attempt 1 of 1
[2023-12-08 16:27:36,342] {taskinstance.py:1358} INFO - 
--------------------------------------------------------------------------------
[2023-12-08 16:27:36,356] {taskinstance.py:1377} INFO - Executing <Task(TwitterOperator): twitter_operator> on 2023-12-08 16:27:33.210168+00:00
[2023-12-08 16:27:36,358] {standard_task_runner.py:52} INFO - Started process 5316 to run task
[2023-12-08 16:27:36,373] {standard_task_runner.py:79} INFO - Running: ['airflow', 'tasks', 'run', 'twitter_operator', 'twitter_operator', 'manual__2023-12-08T16:27:33.210168+00:00', '--job-id', '9', '--raw', '--subdir', 'DAGS_FOLDER/twitter_dag.py', '--cfg-path', '/tmp/tmppzl_m0em', '--error-file', '/tmp/tmpp7md61tn']
[2023-12-08 16:27:36,374] {standard_task_runner.py:80} INFO - Job 9: Subtask twitter_operator
[2023-12-08 16:27:36,492] {task_command.py:370} INFO - Running <TaskInstance: twitter_operator.twitter_operator manual__2023-12-08T16:27:33.210168+00:00 [running]> on host eder-virtual-machine
[2023-12-08 16:27:36,589] {taskinstance.py:1569} INFO - Exporting the following env vars:
AIRFLOW_CTX_DAG_OWNER=airflow
AIRFLOW_CTX_DAG_ID=twitter_operator
AIRFLOW_CTX_TASK_ID=twitter_operator
AIRFLOW_CTX_EXECUTION_DATE=2023-12-08T16:27:33.210168+00:00
AIRFLOW_CTX_TRY_NUMBER=1
AIRFLOW_CTX_DAG_RUN_ID=manual__2023-12-08T16:27:33.210168+00:00
[2023-12-08 16:27:36,600] {base.py:68} INFO - Using connection ID 'twitter_default' for task execution.
[2023-12-08 16:27:36,605] {twitter_hook.py:27} INFO - URL: https://labdados.com/2/tweets/search/recent?query=data science&tweet.fields=author_id,created_at,lang,public_metrics,source,text,withheld&expansions=author_id&user.fields=created_at,description,location,name,public_metrics,username,verified,withheld&start_time=2023-12-07T00:00:00.00Z&end_time=2023-12-08T16:27:36.00Z
[2023-12-08 16:27:37,299] {taskinstance.py:1395} INFO - Marking task as SUCCESS. dag_id=twitter_operator, task_id=twitter_operator, execution_date=20231208T162733, start_date=20231208T162736, end_date=20231208T162737
[2023-12-08 16:27:37,347] {local_task_job.py:156} INFO - Task exited with return code 0
[2023-12-08 16:27:37,367] {local_task_job.py:273} INFO - 0 downstream tasks scheduled from follow-on schedule check
