[2023-12-08 17:28:08,645] {taskinstance.py:1159} INFO - Dependencies all met for <TaskInstance: TwitterDAG.twitter_operator scheduled__2023-12-06T00:00:00+00:00 [queued]>
[2023-12-08 17:28:08,652] {taskinstance.py:1159} INFO - Dependencies all met for <TaskInstance: TwitterDAG.twitter_operator scheduled__2023-12-06T00:00:00+00:00 [queued]>
[2023-12-08 17:28:08,652] {taskinstance.py:1356} INFO - 
--------------------------------------------------------------------------------
[2023-12-08 17:28:08,652] {taskinstance.py:1357} INFO - Starting attempt 1 of 1
[2023-12-08 17:28:08,652] {taskinstance.py:1358} INFO - 
--------------------------------------------------------------------------------
[2023-12-08 17:28:08,662] {taskinstance.py:1377} INFO - Executing <Task(TwitterOperator): twitter_operator> on 2023-12-06 00:00:00+00:00
[2023-12-08 17:28:08,665] {standard_task_runner.py:52} INFO - Started process 10924 to run task
[2023-12-08 17:28:08,667] {standard_task_runner.py:79} INFO - Running: ['airflow', 'tasks', 'run', 'TwitterDAG', 'twitter_operator', 'scheduled__2023-12-06T00:00:00+00:00', '--job-id', '26', '--raw', '--subdir', 'DAGS_FOLDER/twitter_dag.py', '--cfg-path', '/tmp/tmpzgtlnqfz', '--error-file', '/tmp/tmpksrrmrn4']
[2023-12-08 17:28:08,667] {standard_task_runner.py:80} INFO - Job 26: Subtask twitter_operator
[2023-12-08 17:28:08,704] {task_command.py:370} INFO - Running <TaskInstance: TwitterDAG.twitter_operator scheduled__2023-12-06T00:00:00+00:00 [running]> on host eder-virtual-machine
[2023-12-08 17:28:08,747] {taskinstance.py:1569} INFO - Exporting the following env vars:
AIRFLOW_CTX_DAG_OWNER=airflow
AIRFLOW_CTX_DAG_ID=TwitterDAG
AIRFLOW_CTX_TASK_ID=twitter_operator
AIRFLOW_CTX_EXECUTION_DATE=2023-12-06T00:00:00+00:00
AIRFLOW_CTX_TRY_NUMBER=1
AIRFLOW_CTX_DAG_RUN_ID=scheduled__2023-12-06T00:00:00+00:00
[2023-12-08 17:28:08,752] {base.py:68} INFO - Using connection ID 'twitter_default' for task execution.
[2023-12-08 17:28:08,754] {twitter_hook.py:27} INFO - URL: https://labdados.com/2/tweets/search/recent?query=data science&tweet.fields=author_id,created_at,lang,public_metrics,source,text,withheld&expansions=author_id&user.fields=created_at,description,location,name,public_metrics,username,verified,withheld&start_time=2023-12-06T00:00:00.00Z&end_time=2023-12-07T00:00:00.00Z
[2023-12-08 17:28:09,181] {twitter_hook.py:27} INFO - URL: https://labdados.com/2/tweets/search/recent?query=data science&tweet.fields=author_id,created_at,lang,public_metrics,source,text,withheld&expansions=author_id&user.fields=created_at,description,location,name,public_metrics,username,verified,withheld&start_time=2023-12-06T00:00:00.00Z&end_time=2023-12-07T00:00:00.00Z&next_token=1234567890abcdef
[2023-12-08 17:28:09,288] {twitter_hook.py:27} INFO - URL: https://labdados.com/2/tweets/search/recent?query=data science&tweet.fields=author_id,created_at,lang,public_metrics,source,text,withheld&expansions=author_id&user.fields=created_at,description,location,name,public_metrics,username,verified,withheld&start_time=2023-12-06T00:00:00.00Z&end_time=2023-12-07T00:00:00.00Z&next_token=1234567890abcdef
[2023-12-08 17:28:09,405] {taskinstance.py:1395} INFO - Marking task as SUCCESS. dag_id=TwitterDAG, task_id=twitter_operator, execution_date=20231206T000000, start_date=20231208T172808, end_date=20231208T172809
[2023-12-08 17:28:09,453] {local_task_job.py:156} INFO - Task exited with return code 0
[2023-12-08 17:28:09,464] {local_task_job.py:273} INFO - 0 downstream tasks scheduled from follow-on schedule check
