[2023-12-08 16:29:23,209] {taskinstance.py:1159} INFO - Dependencies all met for <TaskInstance: twitter_operator.twitter_operator manual__2023-12-08T16:29:20.364222+00:00 [queued]>
[2023-12-08 16:29:23,217] {taskinstance.py:1159} INFO - Dependencies all met for <TaskInstance: twitter_operator.twitter_operator manual__2023-12-08T16:29:20.364222+00:00 [queued]>
[2023-12-08 16:29:23,217] {taskinstance.py:1356} INFO - 
--------------------------------------------------------------------------------
[2023-12-08 16:29:23,217] {taskinstance.py:1357} INFO - Starting attempt 1 of 1
[2023-12-08 16:29:23,218] {taskinstance.py:1358} INFO - 
--------------------------------------------------------------------------------
[2023-12-08 16:29:23,234] {taskinstance.py:1377} INFO - Executing <Task(TwitterOperator): twitter_operator> on 2023-12-08 16:29:20.364222+00:00
[2023-12-08 16:29:23,236] {standard_task_runner.py:52} INFO - Started process 6053 to run task
[2023-12-08 16:29:23,239] {standard_task_runner.py:79} INFO - Running: ['airflow', 'tasks', 'run', 'twitter_operator', 'twitter_operator', 'manual__2023-12-08T16:29:20.364222+00:00', '--job-id', '12', '--raw', '--subdir', 'DAGS_FOLDER/twitter_dag.py', '--cfg-path', '/tmp/tmp6tn1fri4', '--error-file', '/tmp/tmpwf51udtv']
[2023-12-08 16:29:23,239] {standard_task_runner.py:80} INFO - Job 12: Subtask twitter_operator
[2023-12-08 16:29:23,281] {task_command.py:370} INFO - Running <TaskInstance: twitter_operator.twitter_operator manual__2023-12-08T16:29:20.364222+00:00 [running]> on host eder-virtual-machine
[2023-12-08 16:29:23,340] {taskinstance.py:1569} INFO - Exporting the following env vars:
AIRFLOW_CTX_DAG_OWNER=airflow
AIRFLOW_CTX_DAG_ID=twitter_operator
AIRFLOW_CTX_TASK_ID=twitter_operator
AIRFLOW_CTX_EXECUTION_DATE=2023-12-08T16:29:20.364222+00:00
AIRFLOW_CTX_TRY_NUMBER=1
AIRFLOW_CTX_DAG_RUN_ID=manual__2023-12-08T16:29:20.364222+00:00
[2023-12-08 16:29:23,347] {base.py:68} INFO - Using connection ID 'twitter_default' for task execution.
[2023-12-08 16:29:23,349] {twitter_hook.py:27} INFO - URL: https://labdados.com/2/tweets/search/recent?query=data science&tweet.fields=author_id,created_at,lang,public_metrics,source,text,withheld&expansions=author_id&user.fields=created_at,description,location,name,public_metrics,username,verified,withheld&start_time=2023-12-07T00:00:00.00Z&end_time=2023-12-08T16:29:23.00Z
[2023-12-08 16:29:23,822] {taskinstance.py:1395} INFO - Marking task as SUCCESS. dag_id=twitter_operator, task_id=twitter_operator, execution_date=20231208T162920, start_date=20231208T162923, end_date=20231208T162923
[2023-12-08 16:29:23,860] {local_task_job.py:156} INFO - Task exited with return code 0
[2023-12-08 16:29:23,882] {local_task_job.py:273} INFO - 0 downstream tasks scheduled from follow-on schedule check
