[2023-12-08 17:27:59,952] {taskinstance.py:1159} INFO - Dependencies all met for <TaskInstance: TwitterDAG.twitter_operator scheduled__2023-12-02T00:00:00+00:00 [queued]>
[2023-12-08 17:27:59,956] {taskinstance.py:1159} INFO - Dependencies all met for <TaskInstance: TwitterDAG.twitter_operator scheduled__2023-12-02T00:00:00+00:00 [queued]>
[2023-12-08 17:27:59,957] {taskinstance.py:1356} INFO - 
--------------------------------------------------------------------------------
[2023-12-08 17:27:59,957] {taskinstance.py:1357} INFO - Starting attempt 1 of 1
[2023-12-08 17:27:59,957] {taskinstance.py:1358} INFO - 
--------------------------------------------------------------------------------
[2023-12-08 17:27:59,965] {taskinstance.py:1377} INFO - Executing <Task(TwitterOperator): twitter_operator> on 2023-12-02 00:00:00+00:00
[2023-12-08 17:27:59,967] {standard_task_runner.py:52} INFO - Started process 10781 to run task
[2023-12-08 17:27:59,969] {standard_task_runner.py:79} INFO - Running: ['airflow', 'tasks', 'run', 'TwitterDAG', 'twitter_operator', 'scheduled__2023-12-02T00:00:00+00:00', '--job-id', '22', '--raw', '--subdir', 'DAGS_FOLDER/twitter_dag.py', '--cfg-path', '/tmp/tmp9zefky9g', '--error-file', '/tmp/tmpytgxjshe']
[2023-12-08 17:27:59,970] {standard_task_runner.py:80} INFO - Job 22: Subtask twitter_operator
[2023-12-08 17:28:00,005] {task_command.py:370} INFO - Running <TaskInstance: TwitterDAG.twitter_operator scheduled__2023-12-02T00:00:00+00:00 [running]> on host eder-virtual-machine
[2023-12-08 17:28:00,047] {taskinstance.py:1569} INFO - Exporting the following env vars:
AIRFLOW_CTX_DAG_OWNER=airflow
AIRFLOW_CTX_DAG_ID=TwitterDAG
AIRFLOW_CTX_TASK_ID=twitter_operator
AIRFLOW_CTX_EXECUTION_DATE=2023-12-02T00:00:00+00:00
AIRFLOW_CTX_TRY_NUMBER=1
AIRFLOW_CTX_DAG_RUN_ID=scheduled__2023-12-02T00:00:00+00:00
[2023-12-08 17:28:00,052] {base.py:68} INFO - Using connection ID 'twitter_default' for task execution.
[2023-12-08 17:28:00,053] {twitter_hook.py:27} INFO - URL: https://labdados.com/2/tweets/search/recent?query=data science&tweet.fields=author_id,created_at,lang,public_metrics,source,text,withheld&expansions=author_id&user.fields=created_at,description,location,name,public_metrics,username,verified,withheld&start_time=2023-12-02T00:00:00.00Z&end_time=2023-12-03T00:00:00.00Z
[2023-12-08 17:28:00,527] {taskinstance.py:1395} INFO - Marking task as SUCCESS. dag_id=TwitterDAG, task_id=twitter_operator, execution_date=20231202T000000, start_date=20231208T172759, end_date=20231208T172800
[2023-12-08 17:28:00,550] {local_task_job.py:156} INFO - Task exited with return code 0
[2023-12-08 17:28:00,561] {local_task_job.py:273} INFO - 0 downstream tasks scheduled from follow-on schedule check
